2025-05-26 14:30:15.711 - INFO  - ProgramaPrincipal.Partida - Iniciando nueva partida - Tablero: 20x20
2025-05-26 14:30:15.714 - INFO  - ProgramaPrincipal.Partida - Unidades del jugador creadas: Central Nuclear en (0,0), Central Eólica en (0,19)
2025-05-26 14:30:15.714 - INFO  - ProgramaPrincipal.Partida - Unidades IA creadas: Malware y Ransomware posicionados
2025-05-26 14:30:15.714 - INFO  - ProgramaPrincipal.Partida - Partida inicializada correctamente
2025-05-26 14:30:24.844 - INFO  - ProgramaPrincipal.Partida - Inicia el turno del jugador.
2025-05-26 14:30:24.853 - INFO  - ProgramaPrincipal.Partida - Turno jugador - Unidad: Central Nuclear, Acción: MOVER, Destino: (2,0)
2025-05-26 14:30:24.858 - INFO  - ProgramaPrincipal.Partida - La unidad: Central Nuclear se ha movido hacia (2,0)
2025-05-26 14:30:38.178 - INFO  - ProgramaPrincipal.Partida - Inicia el turno del jugador.
2025-05-26 14:30:38.179 - INFO  - ProgramaPrincipal.Partida - Turno jugador - Unidad: Central Eólica, Acción: MOVER, Destino: (0,15)
2025-05-26 14:30:38.179 - INFO  - ProgramaPrincipal.Partida - La unidad: Central Eólica se ha movido hacia (0,15)
2025-05-26 14:30:42.567 - INFO  - ProgramaPrincipal.Partida - La nueva unidad: Central Hidroeléctrica e en la posicion: (2,1)
2025-05-26 14:30:42.568 - INFO  - ProgramaPrincipal.Partida - La nueva unidad: Ransomware e en la posicion: (19,1)
2025-05-26 14:30:42.568 - INFO  - ProgramaPrincipal.Partida - Iniciando el turno de nuestra IA
2025-05-26 14:30:42.569 - INFO  - ProgramaPrincipal.Partida - La IA ha decidido que: Ransomware se mueva hacia: (18, 1)
2025-05-26 14:30:44.037 - INFO  - ProgramaPrincipal.Partida - Iniciando el turno de nuestra IA
2025-05-26 14:30:44.038 - INFO  - ProgramaPrincipal.Partida - La IA ha decidido que: Malware se mueva hacia: (18, 0)
2025-05-26 14:30:44.038 - INFO  - ProgramaPrincipal.Partida - La nueva unidad: Central Hidroeléctrica e en la posicion: (3,0)
2025-05-26 14:30:44.039 - INFO  - ProgramaPrincipal.Partida - La nueva unidad: Phishing e en la posicion: (19,0)
2025-05-26 14:30:44.528 - INFO  - ProgramaPrincipal.Partida - Iniciando el turno de nuestra IA
2025-05-26 14:30:44.529 - INFO  - ProgramaPrincipal.Partida - La IA ha decidido que: Phishing se mueva hacia: (19, 0)
2025-05-26 14:30:44.712 - INFO  - ProgramaPrincipal.Partida - La nueva unidad: Central Eólica e en la posicion: (1,0)
2025-05-26 14:30:44.713 - INFO  - ProgramaPrincipal.Partida - La nueva unidad: Malware e en la posicion: (17,0)
2025-05-26 14:30:44.713 - INFO  - ProgramaPrincipal.Partida - Iniciando el turno de nuestra IA
2025-05-26 14:30:44.713 - INFO  - ProgramaPrincipal.Partida - La IA ha decidido que: Ransomware se mueva hacia: (17, 1)
2025-05-26 14:30:44.888 - INFO  - ProgramaPrincipal.Partida - Iniciando el turno de nuestra IA
2025-05-26 14:30:44.888 - INFO  - ProgramaPrincipal.Partida - La IA ha decidido que: Ransomware se mueva hacia: (18, 19)
2025-05-26 14:30:44.888 - INFO  - ProgramaPrincipal.Partida - La nueva unidad: Central Hidroeléctrica e en la posicion: (0,16)
2025-05-26 14:30:44.889 - INFO  - ProgramaPrincipal.Partida - La nueva unidad: Ransomware e en la posicion: (18,1)
2025-05-26 14:30:45.067 - INFO  - ProgramaPrincipal.Partida - Iniciando el turno de nuestra IA
2025-05-26 14:30:45.067 - INFO  - ProgramaPrincipal.Partida - La IA ha decidido que: Malware se mueva hacia: (16, 0)
2025-05-26 14:30:45.247 - INFO  - ProgramaPrincipal.Partida - La nueva unidad: Central Nuclear e en la posicion: (1,15)
2025-05-26 14:30:45.247 - INFO  - ProgramaPrincipal.Partida - La nueva unidad: Ransomware e en la posicion: (17,0)
2025-05-26 14:30:45.248 - INFO  - ProgramaPrincipal.Partida - Iniciando el turno de nuestra IA
2025-05-26 14:30:45.248 - INFO  - ProgramaPrincipal.Partida - La IA ha decidido que: Ransomware se mueva hacia: (17, 19)
2025-05-26 14:30:45.472 - INFO  - ProgramaPrincipal.Partida - Iniciando el turno de nuestra IA
2025-05-26 14:30:45.472 - INFO  - ProgramaPrincipal.Partida - La IA ha decidido que: Ransomware se mueva hacia: (18, 1)
2025-05-26 14:30:45.473 - INFO  - ProgramaPrincipal.Partida - La nueva unidad: Central Hidroeléctrica e en la posicion: (0,14)
2025-05-26 14:30:45.473 - INFO  - ProgramaPrincipal.Partida - La nueva unidad: Malware e en la posicion: (18,19)
2025-05-26 14:30:46.425 - INFO  - ProgramaPrincipal.Partida - Iniciando el turno de nuestra IA
2025-05-26 14:30:46.425 - INFO  - ProgramaPrincipal.Partida - La IA ha decidido que: Ransomware se mueva hacia: (18, 1)
2025-05-26 14:30:47.455 - INFO  - ProgramaPrincipal.Partida - La nueva unidad: Central Eólica e en la posicion: (2,2)
2025-05-26 14:30:47.456 - INFO  - ProgramaPrincipal.Partida - La nueva unidad: Phishing e en la posicion: (17,18)
2025-05-26 14:30:47.456 - INFO  - ProgramaPrincipal.Partida - Iniciando el turno de nuestra IA
2025-05-26 14:30:47.456 - INFO  - ProgramaPrincipal.Partida - La IA ha decidido que: Ransomware se mueva hacia: (17, 0)
2025-05-26 14:30:48.342 - INFO  - ProgramaPrincipal.Partida - Iniciando el turno de nuestra IA
2025-05-26 14:30:48.343 - INFO  - ProgramaPrincipal.Partida - La IA ha decidido que: Ransomware se mueva hacia: (16, 1)
2025-05-26 14:30:48.344 - INFO  - ProgramaPrincipal.Partida - La nueva unidad: Central Eólica e en la posicion: (3,1)
2025-05-26 14:30:48.344 - INFO  - ProgramaPrincipal.Partida - La nueva unidad: Malware e en la posicion: (16,19)
2025-05-26 14:30:49.231 - INFO  - ProgramaPrincipal.Partida - Iniciando el turno de nuestra IA
2025-05-26 14:30:49.231 - INFO  - ProgramaPrincipal.Partida - La IA ha decidido que: Phishing se mueva hacia: (19, 0)
2025-05-26 14:30:50.148 - INFO  - ProgramaPrincipal.Partida - La nueva unidad: Central Nuclear e en la posicion: (1,1)
2025-05-26 14:30:50.149 - INFO  - ProgramaPrincipal.Partida - La nueva unidad: Ransomware e en la posicion: (16,2)
2025-05-26 14:30:50.149 - INFO  - ProgramaPrincipal.Partida - Iniciando el turno de nuestra IA
2025-05-26 14:30:50.150 - INFO  - ProgramaPrincipal.Partida - La IA ha decidido que: Malware se mueva hacia: (15, 19)
2025-05-26 14:30:50.989 - INFO  - ProgramaPrincipal.Partida - Iniciando el turno de nuestra IA
2025-05-26 14:30:50.990 - INFO  - ProgramaPrincipal.Partida - La IA ha decidido que: Ransomware se mueva hacia: (15, 2)
2025-05-26 14:30:50.990 - INFO  - ProgramaPrincipal.Partida - La nueva unidad: Central Hidroeléctrica e en la posicion: (4,0)
2025-05-26 14:30:50.991 - INFO  - ProgramaPrincipal.Partida - La nueva unidad: Phishing e en la posicion: (16,19)
2025-05-26 14:30:58.843 - INFO  - ProgramaPrincipal.Partida - Iniciando el turno de nuestra IA
2025-05-26 14:30:58.843 - INFO  - ProgramaPrincipal.Partida - La IA ha decidido que: Ransomware se mueva hacia: (14, 2)
2025-05-26 14:30:59.654 - INFO  - ProgramaPrincipal.Partida - La nueva unidad: Central Eólica e en la posicion: (0,0)
2025-05-26 14:30:59.654 - INFO  - ProgramaPrincipal.Partida - La nueva unidad: Phishing e en la posicion: (16,2)
2025-05-26 14:30:59.654 - INFO  - ProgramaPrincipal.Partida - Iniciando el turno de nuestra IA
2025-05-26 14:30:59.655 - INFO  - ProgramaPrincipal.Partida - La IA ha decidido que: Phishing se mueva hacia: (16, 18)
2025-05-26 14:31:00.460 - INFO  - ProgramaPrincipal.Partida - Iniciando el turno de nuestra IA
2025-05-26 14:31:00.461 - INFO  - ProgramaPrincipal.Partida - La IA ha decidido que: Phishing se mueva hacia: (19, 0)
2025-05-26 14:31:00.461 - INFO  - ProgramaPrincipal.Partida - La nueva unidad: Central Hidroeléctrica e en la posicion: (0,17)
2025-05-26 14:31:00.461 - INFO  - ProgramaPrincipal.Partida - La nueva unidad: Ransomware e en la posicion: (16,19)
2025-05-26 14:31:01.246 - INFO  - ProgramaPrincipal.Partida - Iniciando el turno de nuestra IA
2025-05-26 14:31:01.247 - INFO  - ProgramaPrincipal.Partida - La IA ha decidido que: Ransomware se mueva hacia: (17, 19)
2025-05-26 14:31:01.829 - INFO  - ProgramaPrincipal.Partida - La nueva unidad: Central Nuclear e en la posicion: (1,16)
2025-05-26 14:31:01.830 - INFO  - ProgramaPrincipal.Partida - La nueva unidad: Phishing e en la posicion: (17,1)
2025-05-26 14:31:01.830 - INFO  - ProgramaPrincipal.Partida - Iniciando el turno de nuestra IA
2025-05-26 14:31:01.830 - INFO  - ProgramaPrincipal.Partida - La IA ha decidido que: Phishing se mueva hacia: (15, 2)
2025-05-26 14:31:02.003 - INFO  - ProgramaPrincipal.Partida - Iniciando el turno de nuestra IA
2025-05-26 14:31:02.004 - INFO  - ProgramaPrincipal.Partida - La IA ha decidido que: Phishing se mueva hacia: (17, 17)
2025-05-26 14:31:02.004 - INFO  - ProgramaPrincipal.Partida - La nueva unidad: Central Hidroeléctrica e en la posicion: (2,15)
2025-05-26 14:31:02.004 - INFO  - ProgramaPrincipal.Partida - La nueva unidad: Malware e en la posicion: (17,18)
2025-05-26 14:31:02.171 - INFO  - ProgramaPrincipal.Partida - Iniciando el turno de nuestra IA
2025-05-26 14:31:02.171 - INFO  - ProgramaPrincipal.Partida - La IA ha decidido que: Malware se mueva hacia: (15, 0)
2025-05-26 14:31:02.349 - INFO  - ProgramaPrincipal.Partida - La nueva unidad: Central Eólica e en la posicion: (1,14)
2025-05-26 14:31:02.349 - INFO  - ProgramaPrincipal.Partida - La nueva unidad: Ransomware e en la posicion: (16,2)
2025-05-26 14:31:02.350 - INFO  - ProgramaPrincipal.Partida - Iniciando el turno de nuestra IA
2025-05-26 14:31:02.350 - INFO  - ProgramaPrincipal.Partida - La IA ha decidido que: Phishing se mueva hacia: (15, 18)
2025-05-26 14:31:02.513 - INFO  - ProgramaPrincipal.Partida - Iniciando el turno de nuestra IA
2025-05-26 14:31:02.513 - INFO  - ProgramaPrincipal.Partida - La IA ha decidido que: Malware se mueva hacia: (14, 0)
2025-05-26 14:31:02.513 - INFO  - ProgramaPrincipal.Partida - La nueva unidad: Central Hidroeléctrica e en la posicion: (0,13)
2025-05-26 14:31:02.513 - INFO  - ProgramaPrincipal.Partida - La nueva unidad: Malware e en la posicion: (16,0)
2025-05-26 14:31:02.675 - INFO  - ProgramaPrincipal.Partida - Iniciando el turno de nuestra IA
2025-05-26 14:31:02.675 - INFO  - ProgramaPrincipal.Partida - La IA ha decidido que: Ransomware se mueva hacia: (17, 0)
2025-05-26 14:31:02.853 - INFO  - ProgramaPrincipal.Partida - La nueva unidad: Central Hidroeléctrica e en la posicion: (2,3)
2025-05-26 14:31:02.853 - INFO  - ProgramaPrincipal.Partida - La nueva unidad: Malware e en la posicion: (15,1)
2025-05-26 14:31:02.854 - INFO  - ProgramaPrincipal.Partida - Iniciando el turno de nuestra IA
2025-05-26 14:31:02.854 - INFO  - ProgramaPrincipal.Partida - La IA ha decidido que: Phishing se mueva hacia: (15, 2)
2025-05-26 14:31:03.024 - INFO  - ProgramaPrincipal.Partida - Iniciando el turno de nuestra IA
2025-05-26 14:31:03.025 - INFO  - ProgramaPrincipal.Partida - La IA ha decidido que: Ransomware se mueva hacia: (16, 18)
2025-05-26 14:31:03.025 - INFO  - ProgramaPrincipal.Partida - La nueva unidad: Central Nuclear e en la posicion: (3,2)
2025-05-26 14:31:03.026 - INFO  - ProgramaPrincipal.Partida - La nueva unidad: Phishing e en la posicion: (16,19)
2025-05-26 14:31:03.204 - INFO  - ProgramaPrincipal.Partida - Iniciando el turno de nuestra IA
2025-05-26 14:31:03.205 - INFO  - ProgramaPrincipal.Partida - La IA ha decidido que: Phishing se mueva hacia: (14, 18)
2025-05-26 14:31:03.382 - INFO  - ProgramaPrincipal.Partida - La nueva unidad: Central Hidroeléctrica e en la posicion: (1,2)
2025-05-26 14:31:03.382 - INFO  - ProgramaPrincipal.Partida - La nueva unidad: Phishing e en la posicion: (19,1)
2025-05-26 14:31:03.383 - INFO  - ProgramaPrincipal.Partida - Iniciando el turno de nuestra IA
2025-05-26 14:31:03.383 - INFO  - ProgramaPrincipal.Partida - La IA ha decidido que: Phishing se mueva hacia: (19, 0)
2025-05-26 14:31:03.564 - INFO  - ProgramaPrincipal.Partida - Iniciando el turno de nuestra IA
2025-05-26 14:31:03.566 - INFO  - ProgramaPrincipal.Partida - La IA ha decidido que: Ransomware se mueva hacia: (17, 19)
2025-05-26 14:31:03.566 - INFO  - ProgramaPrincipal.Partida - La nueva unidad: Central Eólica e en la posicion: (4,1)
2025-05-26 14:31:03.566 - INFO  - ProgramaPrincipal.Partida - La nueva unidad: Ransomware e en la posicion: (14,1)
2025-05-26 14:31:03.752 - INFO  - ProgramaPrincipal.Partida - Iniciando el turno de nuestra IA
2025-05-26 14:31:03.753 - INFO  - ProgramaPrincipal.Partida - La IA ha decidido que: Phishing se mueva hacia: (13, 18)
2025-05-26 14:31:03.937 - INFO  - ProgramaPrincipal.Partida - La nueva unidad: Central Eólica e en la posicion: (0,1)
2025-05-26 14:31:03.939 - INFO  - ProgramaPrincipal.Partida - La nueva unidad: Malware e en la posicion: (15,0)
2025-05-26 14:31:03.939 - INFO  - ProgramaPrincipal.Partida - Iniciando el turno de nuestra IA
2025-05-26 14:31:03.939 - INFO  - ProgramaPrincipal.Partida - La IA ha decidido que: Malware se mueva hacia: (16, 0)
2025-05-26 14:31:04.124 - INFO  - ProgramaPrincipal.Partida - Iniciando el turno de nuestra IA
2025-05-26 14:31:04.125 - INFO  - ProgramaPrincipal.Partida - La IA ha decidido que: Phishing se mueva hacia: (19, 1)
2025-05-26 14:31:04.125 - INFO  - ProgramaPrincipal.Partida - La nueva unidad: Central Nuclear e en la posicion: (5,0)
2025-05-26 14:31:04.125 - INFO  - ProgramaPrincipal.Partida - La nueva unidad: Phishing e en la posicion: (13,0)
2025-05-26 14:31:04.309 - INFO  - ProgramaPrincipal.Partida - Iniciando el turno de nuestra IA
2025-05-26 14:31:04.309 - INFO  - ProgramaPrincipal.Partida - La IA ha decidido que: Malware se mueva hacia: (17, 18)
2025-05-26 14:31:04.492 - INFO  - ProgramaPrincipal.Partida - La nueva unidad: Central Hidroeléctrica e en la posicion: (0,18)
2025-05-26 14:31:04.492 - INFO  - ProgramaPrincipal.Partida - La nueva unidad: Malware e en la posicion: (18,2)
2025-05-26 14:31:04.493 - INFO  - ProgramaPrincipal.Partida - Iniciando el turno de nuestra IA
2025-05-26 14:31:04.493 - INFO  - ProgramaPrincipal.Partida - La IA ha decidido que: Ransomware se mueva hacia: (16, 1)
2025-05-26 14:31:04.686 - INFO  - ProgramaPrincipal.Partida - Iniciando el turno de nuestra IA
2025-05-26 14:31:04.687 - INFO  - ProgramaPrincipal.Partida - La IA ha decidido que: Malware se mueva hacia: (17, 2)
2025-05-26 14:31:04.687 - INFO  - ProgramaPrincipal.Partida - La nueva unidad: Central Eólica e en la posicion: (1,17)
2025-05-26 14:31:04.687 - INFO  - ProgramaPrincipal.Partida - La nueva unidad: Phishing e en la posicion: (18,2)
2025-05-26 14:31:04.869 - INFO  - ProgramaPrincipal.Partida - Iniciando el turno de nuestra IA
2025-05-26 14:31:04.869 - INFO  - ProgramaPrincipal.Partida - La IA ha decidido que: Malware se mueva hacia: (14, 0)
2025-05-26 14:31:05.052 - INFO  - ProgramaPrincipal.Partida - La nueva unidad: Central Hidroeléctrica e en la posicion: (2,16)
2025-05-26 14:31:05.053 - INFO  - ProgramaPrincipal.Partida - La nueva unidad: Ransomware e en la posicion: (19,19)
2025-05-26 14:31:05.053 - INFO  - ProgramaPrincipal.Partida - Iniciando el turno de nuestra IA
2025-05-26 14:31:05.053 - INFO  - ProgramaPrincipal.Partida - La IA ha decidido que: Phishing se mueva hacia: (18, 2)
2025-05-26 14:31:05.246 - INFO  - ProgramaPrincipal.Partida - Iniciando el turno de nuestra IA
2025-05-26 14:31:05.247 - INFO  - ProgramaPrincipal.Partida - La IA ha decidido que: Ransomware se mueva hacia: (16, 2)
2025-05-26 14:31:05.247 - INFO  - ProgramaPrincipal.Partida - La nueva unidad: Central Nuclear e en la posicion: (3,15)
2025-05-26 14:31:05.247 - INFO  - ProgramaPrincipal.Partida - La nueva unidad: Ransomware e en la posicion: (18,18)
2025-05-26 14:31:05.429 - INFO  - ProgramaPrincipal.Partida - Iniciando el turno de nuestra IA
2025-05-26 14:31:05.430 - INFO  - ProgramaPrincipal.Partida - La IA ha decidido que: Phishing se mueva hacia: (12, 18)
2025-05-26 14:31:05.623 - INFO  - ProgramaPrincipal.Partida - La nueva unidad: Central Eólica e en la posicion: (2,14)
2025-05-26 14:31:05.624 - INFO  - ProgramaPrincipal.Partida - La nueva unidad: Phishing e en la posicion: (18,17)
2025-05-26 14:31:05.624 - INFO  - ProgramaPrincipal.Partida - Iniciando el turno de nuestra IA
2025-05-26 14:31:05.624 - INFO  - ProgramaPrincipal.Partida - La IA ha decidido que: Phishing se mueva hacia: (18, 2)
2025-05-26 14:31:05.800 - INFO  - ProgramaPrincipal.Partida - Iniciando el turno de nuestra IA
2025-05-26 14:31:05.800 - INFO  - ProgramaPrincipal.Partida - La IA ha decidido que: Malware se mueva hacia: (17, 18)
2025-05-26 14:31:05.801 - INFO  - ProgramaPrincipal.Partida - La nueva unidad: Central Eólica e en la posicion: (1,13)
2025-05-26 14:31:05.801 - INFO  - ProgramaPrincipal.Partida - La nueva unidad: Ransomware e en la posicion: (17,16)
2025-05-26 14:31:05.987 - INFO  - ProgramaPrincipal.Partida - Iniciando el turno de nuestra IA
2025-05-26 14:31:05.987 - INFO  - ProgramaPrincipal.Partida - La IA ha decidido que: Phishing se mueva hacia: (15, 2)
2025-05-26 14:31:06.170 - INFO  - ProgramaPrincipal.Partida - La nueva unidad: Central Hidroeléctrica e en la posicion: (0,12)
2025-05-26 14:31:06.170 - INFO  - ProgramaPrincipal.Partida - La nueva unidad: Ransomware e en la posicion: (16,17)
2025-05-26 14:31:06.171 - INFO  - ProgramaPrincipal.Partida - Iniciando el turno de nuestra IA
2025-05-26 14:31:06.171 - INFO  - ProgramaPrincipal.Partida - La IA ha decidido que: Ransomware se mueva hacia: (17, 0)
2025-05-26 14:31:06.340 - INFO  - ProgramaPrincipal.Partida - Iniciando el turno de nuestra IA
2025-05-26 14:31:06.341 - INFO  - ProgramaPrincipal.Partida - La IA ha decidido que: Phishing se mueva hacia: (17, 17)
2025-05-26 14:31:06.341 - INFO  - ProgramaPrincipal.Partida - La nueva unidad: Central Nuclear e en la posicion: (2,4)
2025-05-26 14:31:06.341 - INFO  - ProgramaPrincipal.Partida - La nueva unidad: Ransomware e en la posicion: (15,18)
2025-05-26 14:31:06.540 - INFO  - ProgramaPrincipal.Partida - Iniciando el turno de nuestra IA
2025-05-26 14:31:06.541 - INFO  - ProgramaPrincipal.Partida - La IA ha decidido que: Phishing se mueva hacia: (12, 0)
2025-05-26 14:31:06.733 - INFO  - ProgramaPrincipal.Partida - La nueva unidad: Central Nuclear e en la posicion: (3,3)
2025-05-26 14:31:06.734 - INFO  - ProgramaPrincipal.Partida - La nueva unidad: Phishing e en la posicion: (13,0)
2025-05-26 14:31:06.734 - INFO  - ProgramaPrincipal.Partida - Iniciando el turno de nuestra IA
2025-05-26 14:31:06.734 - INFO  - ProgramaPrincipal.Partida - La IA ha decidido que: Ransomware se mueva hacia: (13, 1)
2025-05-26 14:31:06.938 - INFO  - ProgramaPrincipal.Partida - Iniciando el turno de nuestra IA
2025-05-26 14:31:06.938 - INFO  - ProgramaPrincipal.Partida - La IA ha decidido que: Malware se mueva hacia: (14, 0)
2025-05-26 14:31:06.939 - INFO  - ProgramaPrincipal.Partida - La nueva unidad: Central Hidroeléctrica e en la posicion: (1,3)
2025-05-26 14:31:06.939 - INFO  - ProgramaPrincipal.Partida - La nueva unidad: Ransomware e en la posicion: (14,1)
2025-05-26 14:31:07.128 - INFO  - ProgramaPrincipal.Partida - Iniciando el turno de nuestra IA
2025-05-26 14:31:07.129 - INFO  - ProgramaPrincipal.Partida - La IA ha decidido que: Ransomware se mueva hacia: (13, 2)
2025-05-26 14:31:07.318 - INFO  - ProgramaPrincipal.Partida - La nueva unidad: Central Hidroeléctrica e en la posicion: (4,2)
2025-05-26 14:31:07.318 - INFO  - ProgramaPrincipal.Partida - La nueva unidad: Phishing e en la posicion: (14,19)
2025-05-26 14:31:07.318 - INFO  - ProgramaPrincipal.Partida - Iniciando el turno de nuestra IA
2025-05-26 14:31:07.319 - INFO  - ProgramaPrincipal.Partida - La IA ha decidido que: Malware se mueva hacia: (18, 19)
2025-05-26 14:31:07.515 - INFO  - ProgramaPrincipal.Partida - Iniciando el turno de nuestra IA
2025-05-26 14:31:07.515 - INFO  - ProgramaPrincipal.Partida - La IA ha decidido que: Malware se mueva hacia: (16, 0)
2025-05-26 14:31:07.516 - INFO  - ProgramaPrincipal.Partida - La nueva unidad: Central Nuclear e en la posicion: (0,2)
2025-05-26 14:31:07.516 - INFO  - ProgramaPrincipal.Partida - La nueva unidad: Malware e en la posicion: (13,3)
2025-05-26 14:31:07.700 - INFO  - ProgramaPrincipal.Partida - Iniciando el turno de nuestra IA
2025-05-26 14:31:07.700 - INFO  - ProgramaPrincipal.Partida - La IA ha decidido que: Ransomware se mueva hacia: (12, 1)
2025-05-26 14:31:07.894 - INFO  - ProgramaPrincipal.Partida - La nueva unidad: Central Hidroeléctrica e en la posicion: (5,1)
2025-05-26 14:31:07.894 - INFO  - ProgramaPrincipal.Partida - La nueva unidad: Malware e en la posicion: (14,2)
2025-05-26 14:31:07.895 - INFO  - ProgramaPrincipal.Partida - Iniciando el turno de nuestra IA
2025-05-26 14:31:07.895 - INFO  - ProgramaPrincipal.Partida - La IA ha decidido que: Ransomware se mueva hacia: (11, 1)
2025-05-26 14:31:08.091 - INFO  - ProgramaPrincipal.Partida - Iniciando el turno de nuestra IA
2025-05-26 14:31:08.091 - INFO  - ProgramaPrincipal.Partida - La IA ha decidido que: Malware se mueva hacia: (14, 0)
2025-05-26 14:31:08.091 - INFO  - ProgramaPrincipal.Partida - La nueva unidad: Central Hidroeléctrica e en la posicion: (6,0)
2025-05-26 14:31:08.092 - INFO  - ProgramaPrincipal.Partida - La nueva unidad: Phishing e en la posicion: (13,1)
2025-05-26 14:31:08.281 - INFO  - ProgramaPrincipal.Partida - Iniciando el turno de nuestra IA
2025-05-26 14:31:08.282 - INFO  - ProgramaPrincipal.Partida - La IA ha decidido que: Malware se mueva hacia: (17, 2)
2025-05-26 14:31:08.491 - INFO  - ProgramaPrincipal.Partida - La nueva unidad: Central Eólica e en la posicion: (0,19)
2025-05-26 14:31:08.491 - INFO  - ProgramaPrincipal.Partida - La nueva unidad: Malware e en la posicion: (12,2)
2025-05-26 14:31:08.492 - INFO  - ProgramaPrincipal.Partida - Iniciando el turno de nuestra IA
2025-05-26 14:31:08.492 - INFO  - ProgramaPrincipal.Partida - La IA ha decidido que: Malware se mueva hacia: (18, 0)
2025-05-26 14:31:08.676 - INFO  - ProgramaPrincipal.Partida - Iniciando el turno de nuestra IA
2025-05-26 14:31:08.677 - INFO  - ProgramaPrincipal.Partida - La IA ha decidido que: Malware se mueva hacia: (16, 0)
2025-05-26 14:31:08.677 - INFO  - ProgramaPrincipal.Partida - La nueva unidad: Central Nuclear e en la posicion: (1,18)
2025-05-26 14:31:08.677 - INFO  - ProgramaPrincipal.Partida - La nueva unidad: Malware e en la posicion: (12,19)
2025-05-26 14:31:08.874 - INFO  - ProgramaPrincipal.Partida - Iniciando el turno de nuestra IA
2025-05-26 14:31:08.875 - INFO  - ProgramaPrincipal.Partida - La IA ha decidido que: Phishing se mueva hacia: (17, 17)
2025-05-26 14:31:09.075 - INFO  - ProgramaPrincipal.Partida - La nueva unidad: Central Hidroeléctrica e en la posicion: (2,17)
2025-05-26 14:31:09.075 - INFO  - ProgramaPrincipal.Partida - La nueva unidad: Malware e en la posicion: (13,18)
2025-05-26 14:31:09.075 - INFO  - ProgramaPrincipal.Partida - Iniciando el turno de nuestra IA
2025-05-26 14:31:09.075 - INFO  - ProgramaPrincipal.Partida - La IA ha decidido que: Malware se mueva hacia: (11, 19)
2025-05-26 14:31:09.272 - INFO  - ProgramaPrincipal.Partida - Iniciando el turno de nuestra IA
2025-05-26 14:31:09.273 - INFO  - ProgramaPrincipal.Partida - La IA ha decidido que: Phishing se mueva hacia: (17, 1)
2025-05-26 14:31:09.273 - INFO  - ProgramaPrincipal.Partida - La nueva unidad: Central Hidroeléctrica e en la posicion: (3,16)
2025-05-26 14:31:09.274 - INFO  - ProgramaPrincipal.Partida - La nueva unidad: Malware e en la posicion: (12,19)
2025-05-26 14:31:09.449 - INFO  - ProgramaPrincipal.Partida - Iniciando el turno de nuestra IA
2025-05-26 14:31:09.449 - INFO  - ProgramaPrincipal.Partida - La IA ha decidido que: Ransomware se mueva hacia: (19, 19)
2025-05-26 14:31:09.636 - INFO  - ProgramaPrincipal.Partida - La nueva unidad: Central Eólica e en la posicion: (4,15)
2025-05-26 14:31:09.636 - INFO  - ProgramaPrincipal.Partida - La nueva unidad: Ransomware e en la posicion: (12,17)
2025-05-26 14:31:09.637 - INFO  - ProgramaPrincipal.Partida - Iniciando el turno de nuestra IA
2025-05-26 14:31:09.637 - INFO  - ProgramaPrincipal.Partida - La IA ha decidido que: Phishing se mueva hacia: (12, 1)
2025-05-26 14:31:09.823 - INFO  - ProgramaPrincipal.Partida - Iniciando el turno de nuestra IA
2025-05-26 14:31:09.823 - INFO  - ProgramaPrincipal.Partida - La IA ha decidido que: Ransomware se mueva hacia: (19, 19)
2025-05-26 14:31:09.823 - INFO  - ProgramaPrincipal.Partida - La nueva unidad: Central Hidroeléctrica e en la posicion: (3,14)
2025-05-26 14:31:09.823 - INFO  - ProgramaPrincipal.Partida - La nueva unidad: Phishing e en la posicion: (13,1)
2025-05-26 14:31:10.014 - INFO  - ProgramaPrincipal.Partida - Iniciando el turno de nuestra IA
2025-05-26 14:31:10.014 - INFO  - ProgramaPrincipal.Partida - La IA ha decidido que: Malware se mueva hacia: (13, 18)
2025-05-26 14:31:10.190 - INFO  - ProgramaPrincipal.Partida - La nueva unidad: Central Hidroeléctrica e en la posicion: (2,13)
2025-05-26 14:31:10.191 - INFO  - ProgramaPrincipal.Partida - La nueva unidad: Malware e en la posicion: (11,18)
2025-05-26 14:31:10.191 - INFO  - ProgramaPrincipal.Partida - Iniciando el turno de nuestra IA
2025-05-26 14:31:10.191 - INFO  - ProgramaPrincipal.Partida - La IA ha decidido que: Phishing se mueva hacia: (13, 19)
2025-05-26 14:31:10.380 - INFO  - ProgramaPrincipal.Partida - Iniciando el turno de nuestra IA
2025-05-26 14:31:10.381 - INFO  - ProgramaPrincipal.Partida - La IA ha decidido que: Malware se mueva hacia: (14, 0)
2025-05-26 14:31:10.381 - INFO  - ProgramaPrincipal.Partida - La nueva unidad: Central Eólica e en la posicion: (1,12)
2025-05-26 14:31:10.381 - INFO  - ProgramaPrincipal.Partida - La nueva unidad: Malware e en la posicion: (14,19)
2025-05-26 14:31:10.572 - INFO  - ProgramaPrincipal.Partida - Iniciando el turno de nuestra IA
2025-05-26 14:31:10.572 - INFO  - ProgramaPrincipal.Partida - La IA ha decidido que: Malware se mueva hacia: (15, 19)
2025-05-26 14:31:10.750 - INFO  - ProgramaPrincipal.Partida - La nueva unidad: Central Nuclear e en la posicion: (0,11)
2025-05-26 14:31:10.751 - INFO  - ProgramaPrincipal.Partida - La nueva unidad: Phishing e en la posicion: (15,3)
2025-05-26 14:31:10.751 - INFO  - ProgramaPrincipal.Partida - Iniciando el turno de nuestra IA
2025-05-26 14:31:10.751 - INFO  - ProgramaPrincipal.Partida - La IA ha decidido que: Malware se mueva hacia: (15, 1)
2025-05-26 14:31:10.921 - INFO  - ProgramaPrincipal.Partida - Iniciando el turno de nuestra IA
2025-05-26 14:31:10.922 - INFO  - ProgramaPrincipal.Partida - La IA ha decidido que: Ransomware se mueva hacia: (16, 1)
2025-05-26 14:31:10.922 - INFO  - ProgramaPrincipal.Partida - La nueva unidad: Central Eólica e en la posicion: (2,5)
2025-05-26 14:31:10.922 - INFO  - ProgramaPrincipal.Partida - La nueva unidad: Phishing e en la posicion: (16,3)
2025-05-26 14:31:11.109 - INFO  - ProgramaPrincipal.Partida - Iniciando el turno de nuestra IA
2025-05-26 14:31:11.110 - INFO  - ProgramaPrincipal.Partida - La IA ha decidido que: Phishing se mueva hacia: (13, 0)
2025-05-26 14:31:11.304 - INFO  - ProgramaPrincipal.Partida - La nueva unidad: Central Eólica e en la posicion: (3,4)
2025-05-26 14:31:11.304 - INFO  - ProgramaPrincipal.Partida - La nueva unidad: Malware e en la posicion: (19,2)
2025-05-26 14:31:11.304 - INFO  - ProgramaPrincipal.Partida - Iniciando el turno de nuestra IA
2025-05-26 14:31:11.305 - INFO  - ProgramaPrincipal.Partida - La IA ha decidido que: Phishing se mueva hacia: (13, 19)
2025-05-26 14:31:11.511 - INFO  - ProgramaPrincipal.Partida - Iniciando el turno de nuestra IA
2025-05-26 14:31:11.512 - INFO  - ProgramaPrincipal.Partida - La IA ha decidido que: Ransomware se mueva hacia: (14, 1)
2025-05-26 14:31:11.512 - INFO  - ProgramaPrincipal.Partida - La nueva unidad: Central Eólica e en la posicion: (1,4)
2025-05-26 14:31:11.512 - INFO  - ProgramaPrincipal.Partida - La nueva unidad: Malware e en la posicion: (11,2)
2025-05-26 14:31:11.707 - INFO  - ProgramaPrincipal.Partida - Iniciando el turno de nuestra IA
2025-05-26 14:31:11.707 - INFO  - ProgramaPrincipal.Partida - La IA ha decidido que: Phishing se mueva hacia: (13, 19)
2025-05-26 14:31:11.893 - INFO  - ProgramaPrincipal.Partida - La nueva unidad: Central Eólica e en la posicion: (4,3)
2025-05-26 14:31:11.894 - INFO  - ProgramaPrincipal.Partida - La nueva unidad: Malware e en la posicion: (11,0)
2025-05-26 14:31:11.894 - INFO  - ProgramaPrincipal.Partida - Iniciando el turno de nuestra IA
2025-05-26 14:31:11.894 - INFO  - ProgramaPrincipal.Partida - La IA ha decidido que: Ransomware se mueva hacia: (14, 1)
2025-05-26 14:31:12.082 - INFO  - ProgramaPrincipal.Partida - Iniciando el turno de nuestra IA
2025-05-26 14:31:12.083 - INFO  - ProgramaPrincipal.Partida - La IA ha decidido que: Malware se mueva hacia: (14, 0)
2025-05-26 14:31:12.083 - INFO  - ProgramaPrincipal.Partida - La nueva unidad: Central Eólica e en la posicion: (0,3)
2025-05-26 14:31:12.083 - INFO  - ProgramaPrincipal.Partida - La nueva unidad: Malware e en la posicion: (10,1)
2025-05-26 14:31:12.289 - INFO  - ProgramaPrincipal.Partida - Iniciando el turno de nuestra IA
2025-05-26 14:31:12.289 - INFO  - ProgramaPrincipal.Partida - La IA ha decidido que: Phishing se mueva hacia: (18, 2)
2025-05-26 14:31:12.498 - INFO  - ProgramaPrincipal.Partida - La nueva unidad: Central Eólica e en la posicion: (5,2)
2025-05-26 14:31:12.498 - INFO  - ProgramaPrincipal.Partida - La nueva unidad: Ransomware e en la posicion: (17,3)
2025-05-26 14:31:12.498 - INFO  - ProgramaPrincipal.Partida - Iniciando el turno de nuestra IA
2025-05-26 14:31:12.498 - INFO  - ProgramaPrincipal.Partida - La IA ha decidido que: Malware se mueva hacia: (18, 19)
2025-05-26 14:31:12.713 - INFO  - ProgramaPrincipal.Partida - Iniciando el turno de nuestra IA
2025-05-26 14:31:12.713 - INFO  - ProgramaPrincipal.Partida - La IA ha decidido que: Ransomware se mueva hacia: (16, 2)
2025-05-26 14:31:12.713 - INFO  - ProgramaPrincipal.Partida - La nueva unidad: Central Eólica e en la posicion: (6,1)
2025-05-26 14:31:12.714 - INFO  - ProgramaPrincipal.Partida - La nueva unidad: Ransomware e en la posicion: (18,3)
2025-05-26 17:11:45.306 - INFO  - ProgramaPrincipal.Tablero - Unidad Central Nuclear colocada en (0,0)
2025-05-26 17:11:45.308 - INFO  - ProgramaPrincipal.Tablero - Unidad Malware colocada en (1,1)
2025-05-26 17:13:00.815 - INFO  - ProgramaPrincipal.Tablero - Unidad Central Nuclear colocada en (0,0)
2025-05-26 17:13:00.817 - INFO  - ProgramaPrincipal.Tablero - Unidad Malware colocada en (1,1)
2025-05-26 17:18:31.937 - INFO  - ProgramaPrincipal.Tablero - Unidad Central Nuclear colocada en (0,0)
2025-05-26 17:18:31.940 - INFO  - ProgramaPrincipal.Tablero - Unidad Malware colocada en (1,1)
2025-05-26 17:18:31.953 - INFO  - ProgramaPrincipal.Tablero - Unidad Central Nuclear colocada en (0,0)
2025-05-26 17:18:31.954 - INFO  - ProgramaPrincipal.Tablero - Unidad Malware colocada en (1,1)
2025-05-26 17:18:31.956 - INFO  - ProgramaPrincipal.Tablero - Unidad Central Nuclear colocada en (0,0)
2025-05-26 17:18:31.956 - INFO  - ProgramaPrincipal.Tablero - Unidad Malware colocada en (1,1)
2025-05-26 17:19:04.272 - INFO  - ProgramaPrincipal.Tablero - Unidad Central Nuclear colocada en (0,0)
2025-05-26 17:19:04.274 - INFO  - ProgramaPrincipal.Tablero - Unidad Malware colocada en (1,1)
2025-05-26 17:19:04.286 - INFO  - ProgramaPrincipal.Tablero - Unidad Central Nuclear colocada en (0,0)
2025-05-26 17:19:04.286 - INFO  - ProgramaPrincipal.Tablero - Unidad Malware colocada en (1,1)
2025-05-26 17:19:04.288 - INFO  - ProgramaPrincipal.Tablero - Unidad Central Nuclear colocada en (0,0)
2025-05-26 17:19:04.289 - INFO  - ProgramaPrincipal.Tablero - Unidad Malware colocada en (1,1)
2025-05-26 17:24:07.399 - INFO  - ProgramaPrincipal.Tablero - Unidad Central Eólica colocada en (0,0)
2025-05-26 17:24:07.402 - INFO  - ProgramaPrincipal.Tablero - Unidad Malware colocada en (1,1)
2025-05-26 17:24:07.414 - INFO  - ProgramaPrincipal.Tablero - Unidad Central Eólica colocada en (0,0)
2025-05-26 17:24:07.414 - INFO  - ProgramaPrincipal.Tablero - Unidad Malware colocada en (1,1)
2025-05-26 17:26:49.822 - INFO  - ProgramaPrincipal.Tablero - Unidad Central Hidroeléctrica colocada en (2,2)
2025-05-26 17:26:49.825 - INFO  - ProgramaPrincipal.Tablero - Unidad Malware colocada en (0,0)
2025-05-26 17:26:49.825 - INFO  - ProgramaPrincipal.Tablero - Unidad Ransomware colocada en (4,4)
2025-05-26 17:26:49.854 - INFO  - ProgramaPrincipal.Tablero - Unidad Central Hidroeléctrica colocada en (2,2)
2025-05-26 17:26:49.854 - INFO  - ProgramaPrincipal.Tablero - Unidad Malware colocada en (0,0)
2025-05-26 17:26:49.854 - INFO  - ProgramaPrincipal.Tablero - Unidad Ransomware colocada en (4,4)
2025-05-26 17:27:32.996 - INFO  - ProgramaPrincipal.Tablero - Unidad Central Hidroeléctrica colocada en (2,2)
2025-05-26 17:27:32.999 - INFO  - ProgramaPrincipal.Tablero - Unidad Malware colocada en (0,0)
2025-05-26 17:27:32.999 - INFO  - ProgramaPrincipal.Tablero - Unidad Ransomware colocada en (4,4)
2025-05-26 17:27:33.017 - INFO  - ProgramaPrincipal.Tablero - Unidad Central Hidroeléctrica colocada en (2,2)
2025-05-26 17:27:33.018 - INFO  - ProgramaPrincipal.Tablero - Unidad Malware colocada en (0,0)
2025-05-26 17:27:33.018 - INFO  - ProgramaPrincipal.Tablero - Unidad Ransomware colocada en (4,4)
2025-05-26 17:29:12.617 - INFO  - ProgramaPrincipal.Tablero - Unidad Central Eólica colocada en (0,0)
2025-05-26 17:29:12.619 - INFO  - ProgramaPrincipal.Tablero - Unidad Malware colocada en (1,1)
2025-05-26 17:29:12.647 - INFO  - ProgramaPrincipal.Tablero - Unidad Central Eólica colocada en (0,0)
2025-05-26 17:29:12.648 - INFO  - ProgramaPrincipal.Tablero - Unidad Malware colocada en (1,1)
2025-05-26 17:29:12.652 - INFO  - ProgramaPrincipal.Tablero - Unidad Central Nuclear colocada en (0,0)
2025-05-26 17:29:12.653 - INFO  - ProgramaPrincipal.Tablero - Unidad Malware colocada en (1,1)
2025-05-26 17:29:12.654 - INFO  - ProgramaPrincipal.Tablero - Unidad Central Nuclear colocada en (0,0)
2025-05-26 17:29:12.654 - INFO  - ProgramaPrincipal.Tablero - Unidad Malware colocada en (1,1)
2025-05-26 17:29:12.655 - INFO  - ProgramaPrincipal.Tablero - Unidad Central Nuclear colocada en (0,0)
2025-05-26 17:29:12.655 - INFO  - ProgramaPrincipal.Tablero - Unidad Malware colocada en (1,1)
2025-05-26 17:29:12.667 - INFO  - ProgramaPrincipal.Tablero - Unidad Central Hidroeléctrica colocada en (2,2)
2025-05-26 17:29:12.668 - INFO  - ProgramaPrincipal.Tablero - Unidad Malware colocada en (0,0)
2025-05-26 17:29:12.668 - INFO  - ProgramaPrincipal.Tablero - Unidad Ransomware colocada en (4,4)
2025-05-26 17:29:12.671 - INFO  - ProgramaPrincipal.Tablero - Unidad Central Hidroeléctrica colocada en (2,2)
2025-05-26 17:29:12.671 - INFO  - ProgramaPrincipal.Tablero - Unidad Malware colocada en (0,0)
2025-05-26 17:29:12.671 - INFO  - ProgramaPrincipal.Tablero - Unidad Ransomware colocada en (4,4)
2025-05-26 17:29:57.869 - INFO  - ProgramaPrincipal.Tablero - Unidad Central Eólica colocada en (0,0)
2025-05-26 17:29:57.873 - INFO  - ProgramaPrincipal.Tablero - Unidad Malware colocada en (1,1)
2025-05-26 17:29:57.885 - INFO  - ProgramaPrincipal.Tablero - Unidad Central Eólica colocada en (0,0)
2025-05-26 17:29:57.885 - INFO  - ProgramaPrincipal.Tablero - Unidad Malware colocada en (1,1)
2025-05-26 17:29:57.892 - INFO  - ProgramaPrincipal.Tablero - Unidad Central Nuclear colocada en (0,0)
2025-05-26 17:29:57.892 - INFO  - ProgramaPrincipal.Tablero - Unidad Malware colocada en (1,1)
2025-05-26 17:29:57.894 - INFO  - ProgramaPrincipal.Tablero - Unidad Central Nuclear colocada en (0,0)
2025-05-26 17:29:57.894 - INFO  - ProgramaPrincipal.Tablero - Unidad Malware colocada en (1,1)
2025-05-26 17:29:57.895 - INFO  - ProgramaPrincipal.Tablero - Unidad Central Nuclear colocada en (0,0)
2025-05-26 17:29:57.896 - INFO  - ProgramaPrincipal.Tablero - Unidad Malware colocada en (1,1)
2025-05-26 17:29:57.910 - INFO  - ProgramaPrincipal.Tablero - Unidad Central Hidroeléctrica colocada en (2,2)
2025-05-26 17:29:57.910 - INFO  - ProgramaPrincipal.Tablero - Unidad Malware colocada en (0,0)
2025-05-26 17:29:57.910 - INFO  - ProgramaPrincipal.Tablero - Unidad Ransomware colocada en (4,4)
2025-05-26 17:29:57.920 - INFO  - ProgramaPrincipal.Tablero - Unidad Central Hidroeléctrica colocada en (2,2)
2025-05-26 17:29:57.920 - INFO  - ProgramaPrincipal.Tablero - Unidad Malware colocada en (0,0)
2025-05-26 17:29:57.921 - INFO  - ProgramaPrincipal.Tablero - Unidad Ransomware colocada en (4,4)
2025-05-26 17:30:37.250 - INFO  - ProgramaPrincipal.Tablero - Unidad Central Eólica colocada en (0,0)
2025-05-26 17:30:37.252 - INFO  - ProgramaPrincipal.Tablero - Unidad Malware colocada en (1,1)
2025-05-26 17:30:37.262 - INFO  - ProgramaPrincipal.Tablero - Unidad Central Eólica colocada en (0,0)
2025-05-26 17:30:37.263 - INFO  - ProgramaPrincipal.Tablero - Unidad Malware colocada en (1,1)
2025-05-26 17:30:37.268 - INFO  - ProgramaPrincipal.Tablero - Unidad Central Nuclear colocada en (0,0)
2025-05-26 17:30:37.269 - INFO  - ProgramaPrincipal.Tablero - Unidad Malware colocada en (1,1)
2025-05-26 17:30:37.271 - INFO  - ProgramaPrincipal.Tablero - Unidad Central Nuclear colocada en (0,0)
2025-05-26 17:30:37.271 - INFO  - ProgramaPrincipal.Tablero - Unidad Malware colocada en (1,1)
2025-05-26 17:30:37.272 - INFO  - ProgramaPrincipal.Tablero - Unidad Central Nuclear colocada en (0,0)
2025-05-26 17:30:37.272 - INFO  - ProgramaPrincipal.Tablero - Unidad Malware colocada en (1,1)
2025-05-26 17:30:37.287 - INFO  - ProgramaPrincipal.Tablero - Unidad Central Hidroeléctrica colocada en (2,2)
2025-05-26 17:30:37.287 - INFO  - ProgramaPrincipal.Tablero - Unidad Malware colocada en (0,0)
2025-05-26 17:30:37.288 - INFO  - ProgramaPrincipal.Tablero - Unidad Ransomware colocada en (4,4)
2025-05-26 17:30:37.290 - INFO  - ProgramaPrincipal.Tablero - Unidad Central Hidroeléctrica colocada en (2,2)
2025-05-26 17:30:37.290 - INFO  - ProgramaPrincipal.Tablero - Unidad Malware colocada en (0,0)
2025-05-26 17:30:37.290 - INFO  - ProgramaPrincipal.Tablero - Unidad Ransomware colocada en (4,4)
2025-05-26 17:32:37.529 - INFO  - ProgramaPrincipal.Tablero - Unidad Central Eólica colocada en (0,0)
2025-05-26 17:32:37.532 - INFO  - ProgramaPrincipal.Tablero - Unidad Malware colocada en (1,1)
2025-05-26 17:32:37.546 - INFO  - ProgramaPrincipal.Tablero - Unidad Central Eólica colocada en (0,0)
2025-05-26 17:32:37.547 - INFO  - ProgramaPrincipal.Tablero - Unidad Malware colocada en (1,1)
2025-05-26 17:32:37.552 - INFO  - ProgramaPrincipal.Tablero - Unidad Central Nuclear colocada en (0,0)
2025-05-26 17:32:37.552 - INFO  - ProgramaPrincipal.Tablero - Unidad Malware colocada en (1,1)
2025-05-26 17:32:37.554 - INFO  - ProgramaPrincipal.Tablero - Unidad Central Nuclear colocada en (0,0)
2025-05-26 17:32:37.555 - INFO  - ProgramaPrincipal.Tablero - Unidad Malware colocada en (1,1)
2025-05-26 17:32:37.558 - INFO  - ProgramaPrincipal.Tablero - Unidad Central Nuclear colocada en (0,0)
2025-05-26 17:32:37.559 - INFO  - ProgramaPrincipal.Tablero - Unidad Malware colocada en (1,1)
2025-05-26 17:32:37.579 - INFO  - ProgramaPrincipal.Tablero - Unidad Central Hidroeléctrica colocada en (2,2)
2025-05-26 17:32:37.579 - INFO  - ProgramaPrincipal.Tablero - Unidad Malware colocada en (0,0)
2025-05-26 17:32:37.579 - INFO  - ProgramaPrincipal.Tablero - Unidad Ransomware colocada en (4,4)
2025-05-26 17:32:37.582 - INFO  - ProgramaPrincipal.Tablero - Unidad Central Hidroeléctrica colocada en (2,2)
2025-05-26 17:32:37.582 - INFO  - ProgramaPrincipal.Tablero - Unidad Malware colocada en (0,0)
2025-05-26 17:32:37.582 - INFO  - ProgramaPrincipal.Tablero - Unidad Ransomware colocada en (4,4)
2025-05-26 17:39:22.812 - INFO  - ProgramaPrincipal.Tablero - Unidad Central Nuclear colocada en (0,0)
2025-05-26 17:39:22.814 - INFO  - ProgramaPrincipal.Tablero - Unidad Malware colocada en (1,1)
2025-05-26 17:39:22.824 - INFO  - ProgramaPrincipal.Tablero - Unidad Central Nuclear colocada en (0,0)
2025-05-26 17:39:22.824 - INFO  - ProgramaPrincipal.Tablero - Unidad Malware colocada en (1,1)
2025-05-26 17:39:22.827 - INFO  - ProgramaPrincipal.Tablero - Unidad Central Nuclear colocada en (0,0)
2025-05-26 17:39:22.827 - INFO  - ProgramaPrincipal.Tablero - Unidad Malware colocada en (1,1)
2025-05-26 17:39:22.829 - INFO  - ProgramaPrincipal.Tablero - Unidad Central Nuclear colocada en (0,0)
2025-05-26 17:39:22.830 - INFO  - ProgramaPrincipal.Tablero - Unidad Malware colocada en (1,1)
2025-05-26 17:39:22.833 - INFO  - ProgramaPrincipal.Tablero - Unidad Central Nuclear colocada en (0,0)
2025-05-26 17:39:22.833 - INFO  - ProgramaPrincipal.Tablero - Unidad Malware colocada en (1,1)
2025-05-26 17:39:22.836 - INFO  - ProgramaPrincipal.Tablero - Unidad Central Eólica colocada en (0,0)
2025-05-26 17:39:22.836 - INFO  - ProgramaPrincipal.Tablero - Unidad Malware colocada en (1,1)
2025-05-26 17:39:22.837 - INFO  - ProgramaPrincipal.Tablero - Unidad Central Eólica colocada en (0,0)
2025-05-26 17:39:22.837 - INFO  - ProgramaPrincipal.Tablero - Unidad Malware colocada en (1,1)
2025-05-26 17:39:22.840 - INFO  - ProgramaPrincipal.Tablero - Unidad Central Nuclear colocada en (0,0)
2025-05-26 17:39:22.840 - INFO  - ProgramaPrincipal.Tablero - Unidad Malware colocada en (1,1)
2025-05-26 17:39:22.850 - INFO  - ProgramaPrincipal.Tablero - Unidad Central Nuclear colocada en (0,0)
2025-05-26 17:39:22.850 - INFO  - ProgramaPrincipal.Tablero - Unidad Malware colocada en (1,1)
2025-05-26 17:39:22.851 - INFO  - ProgramaPrincipal.Tablero - Unidad Central Nuclear colocada en (0,0)
2025-05-26 17:39:22.851 - INFO  - ProgramaPrincipal.Tablero - Unidad Malware colocada en (1,1)
2025-05-26 17:39:22.865 - INFO  - ProgramaPrincipal.Tablero - Unidad Central Hidroeléctrica colocada en (2,2)
2025-05-26 17:39:22.865 - INFO  - ProgramaPrincipal.Tablero - Unidad Malware colocada en (0,0)
2025-05-26 17:39:22.865 - INFO  - ProgramaPrincipal.Tablero - Unidad Ransomware colocada en (4,4)
2025-05-26 17:39:22.867 - INFO  - ProgramaPrincipal.Tablero - Unidad Central Hidroeléctrica colocada en (2,2)
2025-05-26 17:39:22.867 - INFO  - ProgramaPrincipal.Tablero - Unidad Malware colocada en (0,0)
2025-05-26 17:39:22.867 - INFO  - ProgramaPrincipal.Tablero - Unidad Ransomware colocada en (4,4)
2025-05-26 17:40:09.494 - INFO  - ProgramaPrincipal.Tablero - Unidad Central Nuclear colocada en (0,0)
2025-05-26 17:40:09.496 - INFO  - ProgramaPrincipal.Tablero - Unidad Malware colocada en (1,1)
2025-05-26 17:40:09.507 - INFO  - ProgramaPrincipal.Tablero - Unidad Central Nuclear colocada en (0,0)
2025-05-26 17:40:09.507 - INFO  - ProgramaPrincipal.Tablero - Unidad Malware colocada en (1,1)
2025-05-26 17:40:09.510 - INFO  - ProgramaPrincipal.Tablero - Unidad Central Nuclear colocada en (0,0)
2025-05-26 17:40:09.510 - INFO  - ProgramaPrincipal.Tablero - Unidad Malware colocada en (1,1)
2025-05-26 17:40:09.512 - INFO  - ProgramaPrincipal.Tablero - Unidad Central Nuclear colocada en (0,0)
2025-05-26 17:40:09.512 - INFO  - ProgramaPrincipal.Tablero - Unidad Malware colocada en (1,1)
2025-05-26 17:40:09.514 - INFO  - ProgramaPrincipal.Tablero - Unidad Central Nuclear colocada en (0,0)
2025-05-26 17:40:09.515 - INFO  - ProgramaPrincipal.Tablero - Unidad Malware colocada en (1,1)
2025-05-26 17:40:09.519 - INFO  - ProgramaPrincipal.Tablero - Unidad Central Eólica colocada en (0,0)
2025-05-26 17:40:09.519 - INFO  - ProgramaPrincipal.Tablero - Unidad Malware colocada en (1,1)
2025-05-26 17:40:09.520 - INFO  - ProgramaPrincipal.Tablero - Unidad Central Eólica colocada en (0,0)
2025-05-26 17:40:09.521 - INFO  - ProgramaPrincipal.Tablero - Unidad Malware colocada en (1,1)
2025-05-26 17:40:09.523 - INFO  - ProgramaPrincipal.Tablero - Unidad Central Nuclear colocada en (0,0)
2025-05-26 17:40:09.523 - INFO  - ProgramaPrincipal.Tablero - Unidad Malware colocada en (1,1)
2025-05-26 17:40:09.525 - INFO  - ProgramaPrincipal.Tablero - Unidad Central Nuclear colocada en (0,0)
2025-05-26 17:40:09.525 - INFO  - ProgramaPrincipal.Tablero - Unidad Malware colocada en (1,1)
2025-05-26 17:40:09.527 - INFO  - ProgramaPrincipal.Tablero - Unidad Central Nuclear colocada en (0,0)
2025-05-26 17:40:09.527 - INFO  - ProgramaPrincipal.Tablero - Unidad Malware colocada en (1,1)
2025-05-26 17:40:09.540 - INFO  - ProgramaPrincipal.Tablero - Unidad Central Hidroeléctrica colocada en (2,2)
2025-05-26 17:40:09.541 - INFO  - ProgramaPrincipal.Tablero - Unidad Malware colocada en (0,0)
2025-05-26 17:40:09.541 - INFO  - ProgramaPrincipal.Tablero - Unidad Ransomware colocada en (4,4)
2025-05-26 17:40:09.543 - INFO  - ProgramaPrincipal.Tablero - Unidad Central Hidroeléctrica colocada en (2,2)
2025-05-26 17:40:09.543 - INFO  - ProgramaPrincipal.Tablero - Unidad Malware colocada en (0,0)
2025-05-26 17:40:09.543 - INFO  - ProgramaPrincipal.Tablero - Unidad Ransomware colocada en (4,4)
2025-05-26 17:57:25.081 - INFO  - ProgramaPrincipal.Tablero - Unidad Central Nuclear colocada en (0,0)
2025-05-26 17:57:25.085 - INFO  - ProgramaPrincipal.Tablero - Unidad Malware colocada en (1,1)
2025-05-26 17:57:25.100 - INFO  - ProgramaPrincipal.Tablero - Unidad Central Nuclear colocada en (0,0)
2025-05-26 17:57:25.100 - INFO  - ProgramaPrincipal.Tablero - Unidad Malware colocada en (1,1)
2025-05-26 17:57:25.103 - INFO  - ProgramaPrincipal.Tablero - Unidad Central Nuclear colocada en (0,0)
2025-05-26 17:57:25.103 - INFO  - ProgramaPrincipal.Tablero - Unidad Malware colocada en (1,1)
2025-05-26 17:57:25.104 - INFO  - ProgramaPrincipal.Tablero - Unidad Central Nuclear colocada en (0,0)
2025-05-26 17:57:25.104 - INFO  - ProgramaPrincipal.Tablero - Unidad Malware colocada en (1,1)
2025-05-26 17:57:25.110 - INFO  - ProgramaPrincipal.Tablero - Unidad Central Nuclear colocada en (0,0)
2025-05-26 17:57:25.110 - INFO  - ProgramaPrincipal.Tablero - Unidad Malware colocada en (1,1)
2025-05-26 17:57:25.116 - INFO  - ProgramaPrincipal.Tablero - Unidad Central Eólica colocada en (0,0)
2025-05-26 17:57:25.116 - INFO  - ProgramaPrincipal.Tablero - Unidad Malware colocada en (1,1)
2025-05-26 17:57:25.117 - INFO  - ProgramaPrincipal.Tablero - Unidad Central Eólica colocada en (0,0)
2025-05-26 17:57:25.118 - INFO  - ProgramaPrincipal.Tablero - Unidad Malware colocada en (1,1)
2025-05-26 17:57:25.121 - INFO  - ProgramaPrincipal.Tablero - Unidad Central Nuclear colocada en (0,0)
2025-05-26 17:57:25.122 - INFO  - ProgramaPrincipal.Tablero - Unidad Malware colocada en (1,1)
2025-05-26 17:57:25.123 - INFO  - ProgramaPrincipal.Tablero - Unidad Central Nuclear colocada en (0,0)
2025-05-26 17:57:25.123 - INFO  - ProgramaPrincipal.Tablero - Unidad Malware colocada en (1,1)
2025-05-26 17:57:25.124 - INFO  - ProgramaPrincipal.Tablero - Unidad Central Nuclear colocada en (0,0)
2025-05-26 17:57:25.124 - INFO  - ProgramaPrincipal.Tablero - Unidad Malware colocada en (1,1)
2025-05-26 17:57:25.141 - INFO  - ProgramaPrincipal.Tablero - Unidad Central Hidroeléctrica colocada en (2,2)
2025-05-26 17:57:25.141 - INFO  - ProgramaPrincipal.Tablero - Unidad Malware colocada en (0,0)
2025-05-26 17:57:25.141 - INFO  - ProgramaPrincipal.Tablero - Unidad Ransomware colocada en (4,4)
2025-05-26 17:57:25.145 - INFO  - ProgramaPrincipal.Tablero - Unidad Central Hidroeléctrica colocada en (2,2)
2025-05-26 17:57:25.145 - INFO  - ProgramaPrincipal.Tablero - Unidad Malware colocada en (0,0)
2025-05-26 17:57:25.145 - INFO  - ProgramaPrincipal.Tablero - Unidad Ransomware colocada en (4,4)
2025-05-26 17:58:05.005 - INFO  - ProgramaPrincipal.Tablero - Unidad Central Nuclear colocada en (0,0)
2025-05-26 17:58:05.010 - INFO  - ProgramaPrincipal.Tablero - Unidad Malware colocada en (1,1)
2025-05-26 17:58:05.022 - INFO  - ProgramaPrincipal.Tablero - Unidad Central Nuclear colocada en (0,0)
2025-05-26 17:58:05.022 - INFO  - ProgramaPrincipal.Tablero - Unidad Malware colocada en (1,1)
2025-05-26 17:58:05.025 - INFO  - ProgramaPrincipal.Tablero - Unidad Central Nuclear colocada en (0,0)
2025-05-26 17:58:05.027 - INFO  - ProgramaPrincipal.Tablero - Unidad Malware colocada en (1,1)
2025-05-26 17:58:05.029 - INFO  - ProgramaPrincipal.Tablero - Unidad Central Nuclear colocada en (0,0)
2025-05-26 17:58:05.029 - INFO  - ProgramaPrincipal.Tablero - Unidad Malware colocada en (1,1)
2025-05-26 17:58:05.033 - INFO  - ProgramaPrincipal.Tablero - Unidad Central Nuclear colocada en (0,0)
2025-05-26 17:58:05.033 - INFO  - ProgramaPrincipal.Tablero - Unidad Malware colocada en (1,1)
2025-05-26 17:58:27.992 - INFO  - ProgramaPrincipal.Tablero - Unidad Central Nuclear colocada en (0,0)
2025-05-26 17:58:27.996 - INFO  - ProgramaPrincipal.Tablero - Unidad Malware colocada en (1,1)
2025-05-26 17:58:28.011 - INFO  - ProgramaPrincipal.Tablero - Unidad Central Nuclear colocada en (0,0)
2025-05-26 17:58:28.011 - INFO  - ProgramaPrincipal.Tablero - Unidad Malware colocada en (1,1)
2025-05-26 17:58:28.013 - INFO  - ProgramaPrincipal.Tablero - Unidad Central Nuclear colocada en (0,0)
2025-05-26 17:58:28.014 - INFO  - ProgramaPrincipal.Tablero - Unidad Malware colocada en (1,1)
2025-05-26 17:58:28.016 - INFO  - ProgramaPrincipal.Tablero - Unidad Central Nuclear colocada en (0,0)
2025-05-26 17:58:28.016 - INFO  - ProgramaPrincipal.Tablero - Unidad Malware colocada en (1,1)
2025-05-26 17:58:28.020 - INFO  - ProgramaPrincipal.Tablero - Unidad Central Nuclear colocada en (0,0)
2025-05-26 17:58:28.020 - INFO  - ProgramaPrincipal.Tablero - Unidad Malware colocada en (1,1)
2025-05-26 17:58:28.025 - INFO  - ProgramaPrincipal.Tablero - Unidad Central Eólica colocada en (0,0)
2025-05-26 17:58:28.025 - INFO  - ProgramaPrincipal.Tablero - Unidad Malware colocada en (1,1)
2025-05-26 17:58:28.027 - INFO  - ProgramaPrincipal.Tablero - Unidad Central Eólica colocada en (0,0)
2025-05-26 17:58:28.028 - INFO  - ProgramaPrincipal.Tablero - Unidad Malware colocada en (1,1)
2025-05-26 17:58:28.031 - INFO  - ProgramaPrincipal.Tablero - Unidad Central Nuclear colocada en (0,0)
2025-05-26 17:58:28.031 - INFO  - ProgramaPrincipal.Tablero - Unidad Malware colocada en (1,1)
2025-05-26 17:58:28.032 - INFO  - ProgramaPrincipal.Tablero - Unidad Central Nuclear colocada en (0,0)
2025-05-26 17:58:28.033 - INFO  - ProgramaPrincipal.Tablero - Unidad Malware colocada en (1,1)
2025-05-26 17:58:28.035 - INFO  - ProgramaPrincipal.Tablero - Unidad Central Nuclear colocada en (0,0)
2025-05-26 17:58:28.035 - INFO  - ProgramaPrincipal.Tablero - Unidad Malware colocada en (1,1)
2025-05-26 17:58:28.052 - INFO  - ProgramaPrincipal.Tablero - Unidad Central Hidroeléctrica colocada en (2,2)
2025-05-26 17:58:28.052 - INFO  - ProgramaPrincipal.Tablero - Unidad Malware colocada en (0,0)
2025-05-26 17:58:28.053 - INFO  - ProgramaPrincipal.Tablero - Unidad Ransomware colocada en (4,4)
2025-05-26 17:58:28.056 - INFO  - ProgramaPrincipal.Tablero - Unidad Central Hidroeléctrica colocada en (2,2)
2025-05-26 17:58:28.056 - INFO  - ProgramaPrincipal.Tablero - Unidad Malware colocada en (0,0)
2025-05-26 17:58:28.056 - INFO  - ProgramaPrincipal.Tablero - Unidad Ransomware colocada en (4,4)
2025-05-26 18:00:06.785 - INFO  - ProgramaPrincipal.Tablero - Unidad Central Nuclear colocada en (0,0)
2025-05-26 18:00:06.787 - INFO  - ProgramaPrincipal.Tablero - Unidad Malware colocada en (1,1)
2025-05-26 18:00:06.803 - INFO  - ProgramaPrincipal.Tablero - Unidad Central Nuclear colocada en (0,0)
2025-05-26 18:00:06.803 - INFO  - ProgramaPrincipal.Tablero - Unidad Malware colocada en (1,1)
2025-05-26 18:00:06.807 - INFO  - ProgramaPrincipal.Tablero - Unidad Central Nuclear colocada en (0,0)
2025-05-26 18:00:06.807 - INFO  - ProgramaPrincipal.Tablero - Unidad Malware colocada en (1,1)
2025-05-26 18:00:06.809 - INFO  - ProgramaPrincipal.Tablero - Unidad Central Nuclear colocada en (0,0)
2025-05-26 18:00:06.810 - INFO  - ProgramaPrincipal.Tablero - Unidad Malware colocada en (1,1)
2025-05-26 18:00:06.815 - INFO  - ProgramaPrincipal.Tablero - Unidad Central Nuclear colocada en (0,0)
2025-05-26 18:00:06.815 - INFO  - ProgramaPrincipal.Tablero - Unidad Malware colocada en (1,1)
2025-05-26 18:00:06.819 - INFO  - ProgramaPrincipal.Tablero - Unidad Central Eólica colocada en (0,0)
2025-05-26 18:00:06.819 - INFO  - ProgramaPrincipal.Tablero - Unidad Malware colocada en (1,1)
2025-05-26 18:00:06.821 - INFO  - ProgramaPrincipal.Tablero - Unidad Central Eólica colocada en (0,0)
2025-05-26 18:00:06.821 - INFO  - ProgramaPrincipal.Tablero - Unidad Malware colocada en (1,1)
2025-05-26 18:00:06.825 - INFO  - ProgramaPrincipal.Tablero - Unidad Central Nuclear colocada en (0,0)
2025-05-26 18:00:06.825 - INFO  - ProgramaPrincipal.Tablero - Unidad Malware colocada en (1,1)
2025-05-26 18:00:06.827 - INFO  - ProgramaPrincipal.Tablero - Unidad Central Nuclear colocada en (0,0)
2025-05-26 18:00:06.827 - INFO  - ProgramaPrincipal.Tablero - Unidad Malware colocada en (1,1)
2025-05-26 18:00:06.830 - INFO  - ProgramaPrincipal.Tablero - Unidad Central Nuclear colocada en (0,0)
2025-05-26 18:00:06.830 - INFO  - ProgramaPrincipal.Tablero - Unidad Malware colocada en (1,1)
2025-05-26 18:00:06.848 - INFO  - ProgramaPrincipal.Tablero - Unidad Central Hidroeléctrica colocada en (2,2)
2025-05-26 18:00:06.849 - INFO  - ProgramaPrincipal.Tablero - Unidad Malware colocada en (0,0)
2025-05-26 18:00:06.849 - INFO  - ProgramaPrincipal.Tablero - Unidad Ransomware colocada en (4,4)
2025-05-26 18:00:06.851 - INFO  - ProgramaPrincipal.Tablero - Unidad Central Hidroeléctrica colocada en (2,2)
2025-05-26 18:00:06.851 - INFO  - ProgramaPrincipal.Tablero - Unidad Malware colocada en (0,0)
2025-05-26 18:00:06.852 - INFO  - ProgramaPrincipal.Tablero - Unidad Ransomware colocada en (4,4)
2025-05-26 18:10:26.847 - INFO  - ProgramaPrincipal.Tablero - Unidad Central Nuclear colocada en (0,0)
2025-05-26 18:10:26.850 - INFO  - ProgramaPrincipal.Tablero - Unidad Malware colocada en (1,1)
2025-05-26 18:10:26.865 - INFO  - ProgramaPrincipal.Tablero - Unidad Central Nuclear colocada en (0,0)
2025-05-26 18:10:26.865 - INFO  - ProgramaPrincipal.Tablero - Unidad Malware colocada en (1,1)
2025-05-26 18:10:26.868 - INFO  - ProgramaPrincipal.Tablero - Unidad Central Nuclear colocada en (0,0)
2025-05-26 18:10:26.869 - INFO  - ProgramaPrincipal.Tablero - Unidad Malware colocada en (1,1)
2025-05-26 18:10:26.870 - INFO  - ProgramaPrincipal.Tablero - Unidad Central Nuclear colocada en (0,0)
2025-05-26 18:10:26.870 - INFO  - ProgramaPrincipal.Tablero - Unidad Malware colocada en (1,1)
2025-05-26 18:10:26.874 - INFO  - ProgramaPrincipal.Tablero - Unidad Central Nuclear colocada en (0,0)
2025-05-26 18:10:26.874 - INFO  - ProgramaPrincipal.Tablero - Unidad Malware colocada en (1,1)
2025-05-26 18:10:26.878 - INFO  - ProgramaPrincipal.Tablero - Unidad Central Eólica colocada en (0,0)
2025-05-26 18:10:26.878 - INFO  - ProgramaPrincipal.Tablero - Unidad Malware colocada en (1,1)
2025-05-26 18:10:26.880 - INFO  - ProgramaPrincipal.Tablero - Unidad Central Eólica colocada en (0,0)
2025-05-26 18:10:26.881 - INFO  - ProgramaPrincipal.Tablero - Unidad Malware colocada en (1,1)
2025-05-26 18:10:26.883 - INFO  - ProgramaPrincipal.Tablero - Unidad Central Nuclear colocada en (0,0)
2025-05-26 18:10:26.883 - INFO  - ProgramaPrincipal.Tablero - Unidad Malware colocada en (1,1)
2025-05-26 18:10:26.885 - INFO  - ProgramaPrincipal.Tablero - Unidad Central Nuclear colocada en (0,0)
2025-05-26 18:10:26.885 - INFO  - ProgramaPrincipal.Tablero - Unidad Malware colocada en (1,1)
2025-05-26 18:10:26.887 - INFO  - ProgramaPrincipal.Tablero - Unidad Central Nuclear colocada en (0,0)
2025-05-26 18:10:26.887 - INFO  - ProgramaPrincipal.Tablero - Unidad Malware colocada en (1,1)
2025-05-26 18:10:26.911 - INFO  - ProgramaPrincipal.Tablero - Unidad Central Hidroeléctrica colocada en (2,2)
2025-05-26 18:10:26.911 - INFO  - ProgramaPrincipal.Tablero - Unidad Malware colocada en (0,0)
2025-05-26 18:10:26.911 - INFO  - ProgramaPrincipal.Tablero - Unidad Ransomware colocada en (4,4)
2025-05-26 18:10:26.914 - INFO  - ProgramaPrincipal.Tablero - Unidad Central Hidroeléctrica colocada en (2,2)
2025-05-26 18:10:26.914 - INFO  - ProgramaPrincipal.Tablero - Unidad Malware colocada en (0,0)
2025-05-26 18:10:26.914 - INFO  - ProgramaPrincipal.Tablero - Unidad Ransomware colocada en (4,4)
2025-05-26 18:16:38.538 - INFO  - ProgramaPrincipal.Tablero - Unidad Central Nuclear colocada en (0,0)
2025-05-26 18:16:38.541 - INFO  - ProgramaPrincipal.Tablero - Unidad Malware colocada en (1,1)
2025-05-26 18:16:38.561 - INFO  - ProgramaPrincipal.Tablero - Unidad Central Nuclear colocada en (0,0)
2025-05-26 18:16:38.561 - INFO  - ProgramaPrincipal.Tablero - Unidad Malware colocada en (1,1)
2025-05-26 18:16:38.566 - INFO  - ProgramaPrincipal.Tablero - Unidad Central Nuclear colocada en (0,0)
2025-05-26 18:16:38.567 - INFO  - ProgramaPrincipal.Tablero - Unidad Malware colocada en (1,1)
2025-05-26 18:16:38.568 - INFO  - ProgramaPrincipal.Tablero - Unidad Central Nuclear colocada en (0,0)
2025-05-26 18:16:38.568 - INFO  - ProgramaPrincipal.Tablero - Unidad Malware colocada en (1,1)
2025-05-26 18:16:38.574 - INFO  - ProgramaPrincipal.Tablero - Unidad Central Nuclear colocada en (0,0)
2025-05-26 18:16:38.575 - INFO  - ProgramaPrincipal.Tablero - Unidad Malware colocada en (1,1)
2025-05-26 18:16:38.579 - INFO  - ProgramaPrincipal.Tablero - Unidad Central Eólica colocada en (0,0)
2025-05-26 18:16:38.580 - INFO  - ProgramaPrincipal.Tablero - Unidad Malware colocada en (1,1)
2025-05-26 18:16:38.583 - INFO  - ProgramaPrincipal.Tablero - Unidad Central Eólica colocada en (0,0)
2025-05-26 18:16:38.584 - INFO  - ProgramaPrincipal.Tablero - Unidad Malware colocada en (1,1)
2025-05-26 18:16:38.589 - INFO  - ProgramaPrincipal.Tablero - Unidad Central Nuclear colocada en (0,0)
2025-05-26 18:16:38.590 - INFO  - ProgramaPrincipal.Tablero - Unidad Malware colocada en (1,1)
2025-05-26 18:16:38.592 - INFO  - ProgramaPrincipal.Tablero - Unidad Central Nuclear colocada en (0,0)
2025-05-26 18:16:38.592 - INFO  - ProgramaPrincipal.Tablero - Unidad Malware colocada en (1,1)
2025-05-26 18:16:38.594 - INFO  - ProgramaPrincipal.Tablero - Unidad Central Nuclear colocada en (0,0)
2025-05-26 18:16:38.594 - INFO  - ProgramaPrincipal.Tablero - Unidad Malware colocada en (1,1)
2025-05-26 18:16:38.646 - INFO  - ProgramaPrincipal.Tablero - Unidad Central Hidroeléctrica colocada en (2,2)
2025-05-26 18:16:38.648 - INFO  - ProgramaPrincipal.Tablero - Unidad Malware colocada en (0,0)
2025-05-26 18:16:38.648 - INFO  - ProgramaPrincipal.Tablero - Unidad Ransomware colocada en (4,4)
2025-05-26 18:16:38.652 - INFO  - ProgramaPrincipal.Tablero - Unidad Central Hidroeléctrica colocada en (2,2)
2025-05-26 18:16:38.652 - INFO  - ProgramaPrincipal.Tablero - Unidad Malware colocada en (0,0)
2025-05-26 18:16:38.652 - INFO  - ProgramaPrincipal.Tablero - Unidad Ransomware colocada en (4,4)
2025-05-26 18:26:59.859 - INFO  - ProgramaPrincipal.Tablero - Unidad Central Nuclear colocada en (0,0)
2025-05-26 18:26:59.861 - INFO  - ProgramaPrincipal.Tablero - Unidad Malware colocada en (1,1)
2025-05-26 18:26:59.875 - INFO  - ProgramaPrincipal.Tablero - Unidad Central Nuclear colocada en (0,0)
2025-05-26 18:26:59.875 - INFO  - ProgramaPrincipal.Tablero - Unidad Malware colocada en (1,1)
2025-05-26 18:26:59.878 - INFO  - ProgramaPrincipal.Tablero - Unidad Central Nuclear colocada en (0,0)
2025-05-26 18:26:59.878 - INFO  - ProgramaPrincipal.Tablero - Unidad Malware colocada en (1,1)
2025-05-26 18:26:59.880 - INFO  - ProgramaPrincipal.Tablero - Unidad Central Nuclear colocada en (0,0)
2025-05-26 18:26:59.880 - INFO  - ProgramaPrincipal.Tablero - Unidad Malware colocada en (1,1)
2025-05-26 18:26:59.884 - INFO  - ProgramaPrincipal.Tablero - Unidad Central Nuclear colocada en (0,0)
2025-05-26 18:26:59.884 - INFO  - ProgramaPrincipal.Tablero - Unidad Malware colocada en (1,1)
2025-05-26 18:26:59.889 - INFO  - ProgramaPrincipal.Tablero - Unidad Central Eólica colocada en (0,0)
2025-05-26 18:26:59.890 - INFO  - ProgramaPrincipal.Tablero - Unidad Malware colocada en (1,1)
2025-05-26 18:26:59.891 - INFO  - ProgramaPrincipal.Tablero - Unidad Central Eólica colocada en (0,0)
2025-05-26 18:26:59.892 - INFO  - ProgramaPrincipal.Tablero - Unidad Malware colocada en (1,1)
2025-05-26 18:26:59.894 - INFO  - ProgramaPrincipal.Tablero - Unidad Central Nuclear colocada en (0,0)
2025-05-26 18:26:59.894 - INFO  - ProgramaPrincipal.Tablero - Unidad Malware colocada en (1,1)
2025-05-26 18:26:59.895 - INFO  - ProgramaPrincipal.Tablero - Unidad Central Nuclear colocada en (0,0)
2025-05-26 18:26:59.896 - INFO  - ProgramaPrincipal.Tablero - Unidad Malware colocada en (1,1)
2025-05-26 18:26:59.897 - INFO  - ProgramaPrincipal.Tablero - Unidad Central Nuclear colocada en (0,0)
2025-05-26 18:26:59.898 - INFO  - ProgramaPrincipal.Tablero - Unidad Malware colocada en (1,1)
2025-05-26 18:26:59.923 - INFO  - ProgramaPrincipal.Tablero - Unidad Central Hidroeléctrica colocada en (2,2)
2025-05-26 18:26:59.924 - INFO  - ProgramaPrincipal.Tablero - Unidad Malware colocada en (0,0)
2025-05-26 18:26:59.924 - INFO  - ProgramaPrincipal.Tablero - Unidad Ransomware colocada en (4,4)
2025-05-26 18:26:59.926 - INFO  - ProgramaPrincipal.Tablero - Unidad Central Hidroeléctrica colocada en (2,2)
2025-05-26 18:26:59.926 - INFO  - ProgramaPrincipal.Tablero - Unidad Malware colocada en (0,0)
2025-05-26 18:26:59.926 - INFO  - ProgramaPrincipal.Tablero - Unidad Ransomware colocada en (4,4)
2025-05-26 18:31:34.170 - INFO  - ProgramaPrincipal.Tablero - Unidad Central Nuclear colocada en (0,0)
2025-05-26 18:31:34.173 - INFO  - ProgramaPrincipal.Tablero - Unidad Malware colocada en (1,1)
2025-05-26 18:31:34.190 - INFO  - ProgramaPrincipal.Tablero - Unidad Central Nuclear colocada en (0,0)
2025-05-26 18:31:34.190 - INFO  - ProgramaPrincipal.Tablero - Unidad Malware colocada en (1,1)
2025-05-26 18:31:34.193 - INFO  - ProgramaPrincipal.Tablero - Unidad Central Nuclear colocada en (0,0)
2025-05-26 18:31:34.194 - INFO  - ProgramaPrincipal.Tablero - Unidad Malware colocada en (1,1)
2025-05-26 18:31:34.195 - INFO  - ProgramaPrincipal.Tablero - Unidad Central Nuclear colocada en (0,0)
2025-05-26 18:31:34.196 - INFO  - ProgramaPrincipal.Tablero - Unidad Malware colocada en (1,1)
2025-05-26 18:31:34.201 - INFO  - ProgramaPrincipal.Tablero - Unidad Central Nuclear colocada en (0,0)
2025-05-26 18:31:34.201 - INFO  - ProgramaPrincipal.Tablero - Unidad Malware colocada en (1,1)
2025-05-26 18:31:34.207 - INFO  - ProgramaPrincipal.Tablero - Unidad Central Eólica colocada en (0,0)
2025-05-26 18:31:34.207 - INFO  - ProgramaPrincipal.Tablero - Unidad Malware colocada en (1,1)
2025-05-26 18:31:34.208 - INFO  - ProgramaPrincipal.Tablero - Unidad Central Eólica colocada en (0,0)
2025-05-26 18:31:34.209 - INFO  - ProgramaPrincipal.Tablero - Unidad Malware colocada en (1,1)
2025-05-26 18:31:34.211 - INFO  - ProgramaPrincipal.Tablero - Unidad Central Nuclear colocada en (0,0)
2025-05-26 18:31:34.211 - INFO  - ProgramaPrincipal.Tablero - Unidad Malware colocada en (1,1)
2025-05-26 18:31:34.213 - INFO  - ProgramaPrincipal.Tablero - Unidad Central Nuclear colocada en (0,0)
2025-05-26 18:31:34.213 - INFO  - ProgramaPrincipal.Tablero - Unidad Malware colocada en (1,1)
2025-05-26 18:31:34.216 - INFO  - ProgramaPrincipal.Tablero - Unidad Central Nuclear colocada en (0,0)
2025-05-26 18:31:34.216 - INFO  - ProgramaPrincipal.Tablero - Unidad Malware colocada en (1,1)
2025-05-26 18:31:34.245 - INFO  - ProgramaPrincipal.Tablero - Unidad Central Hidroeléctrica colocada en (2,2)
2025-05-26 18:31:34.245 - INFO  - ProgramaPrincipal.Tablero - Unidad Malware colocada en (0,0)
2025-05-26 18:31:34.245 - INFO  - ProgramaPrincipal.Tablero - Unidad Ransomware colocada en (4,4)
2025-05-26 18:31:34.249 - INFO  - ProgramaPrincipal.Tablero - Unidad Central Hidroeléctrica colocada en (2,2)
2025-05-26 18:31:34.249 - INFO  - ProgramaPrincipal.Tablero - Unidad Malware colocada en (0,0)
2025-05-26 18:31:34.249 - INFO  - ProgramaPrincipal.Tablero - Unidad Ransomware colocada en (4,4)
